<?xml version="1.0" encoding="UTF-8"?>
<!-- Generated by org.testng.reporters.JUnitXMLReporter -->
<testsuite hostname="Shlomi-Desktop" ignored="2" name="Default test" tests="11" failures="0" timestamp="2019-10-04T17:17:31 IDT" time="4.457" errors="0">
  <testcase name="@BeforeTest setup" time="3.646" classname="tests.BaseTest">
    <failure type="org.openqa.selenium.NoSuchElementException" message="no such element: Unable to locate element: {&amp;quot;method&amp;quot;:&amp;quot;css selector&amp;quot;,&amp;quot;selector&amp;quot;:&amp;quot;[id=&amp;apos;busineesInArea&amp;apos;]&amp;quot;}
  (Session info: chrome=77.0.3865.90)
  (Driver info: chromedriver=2.38.552522 (437e6fbedfa8762dec75e2c5b3ddb86763dc9dcb),platform=Windows NT 10.0.17763 x86_64) (WARNING: The server did not provide any stacktrace information)
Command duration or timeout: 0 milliseconds
For documentation on this error, please visit: https://www.seleniumhq.org/exceptions/no_such_element.html
Build info: version: &amp;apos;3.141.59&amp;apos;, revision: &amp;apos;e82be7d358&amp;apos;, time: &amp;apos;2018-11-14T08:17:03&amp;apos;
System info: host: &amp;apos;SHLOMI-DESKTOP&amp;apos;, ip: &amp;apos;192.168.243.1&amp;apos;, os.name: &amp;apos;Windows 10&amp;apos;, os.arch: &amp;apos;amd64&amp;apos;, os.version: &amp;apos;10.0&amp;apos;, java.version: &amp;apos;1.8.0_211&amp;apos;
Driver info: org.openqa.selenium.chrome.ChromeDriver
Capabilities {acceptInsecureCerts: false, acceptSslCerts: false, applicationCacheEnabled: false, browserConnectionEnabled: false, browserName: chrome, chrome: {chromedriverVersion: 2.38.552522 (437e6fbedfa876..., userDataDir: C:\Users\Shlomi\AppData\Loc...}, cssSelectorsEnabled: true, databaseEnabled: false, handlesAlerts: true, hasTouchScreen: false, javascriptEnabled: true, locationContextEnabled: true, mobileEmulationEnabled: false, nativeEvents: true, networkConnectionEnabled: false, pageLoadStrategy: normal, platform: XP, platformName: XP, rotatable: false, setWindowRect: true, takesHeapSnapshot: true, takesScreenshot: true, unexpectedAlertBehaviour: , unhandledPromptBehavior: , version: 77.0.3865.90, webStorageEnabled: true}
Session ID: 741a0ba6e00b8f66d926bdf75ef39dfa
*** Element info: {Using=css selector, value=[id=&amp;apos;busineesInArea&amp;apos;]}">
      <![CDATA[org.openqa.selenium.NoSuchElementException: no such element: Unable to locate element: {"method":"css selector","selector":"[id='busineesInArea']"}
  (Session info: chrome=77.0.3865.90)
  (Driver info: chromedriver=2.38.552522 (437e6fbedfa8762dec75e2c5b3ddb86763dc9dcb),platform=Windows NT 10.0.17763 x86_64) (WARNING: The server did not provide any stacktrace information)
Command duration or timeout: 0 milliseconds
For documentation on this error, please visit: https://www.seleniumhq.org/exceptions/no_such_element.html
Build info: version: '3.141.59', revision: 'e82be7d358', time: '2018-11-14T08:17:03'
System info: host: 'SHLOMI-DESKTOP', ip: '192.168.243.1', os.name: 'Windows 10', os.arch: 'amd64', os.version: '10.0', java.version: '1.8.0_211'
Driver info: org.openqa.selenium.chrome.ChromeDriver
Capabilities {acceptInsecureCerts: false, acceptSslCerts: false, applicationCacheEnabled: false, browserConnectionEnabled: false, browserName: chrome, chrome: {chromedriverVersion: 2.38.552522 (437e6fbedfa876..., userDataDir: C:\Users\Shlomi\AppData\Loc...}, cssSelectorsEnabled: true, databaseEnabled: false, handlesAlerts: true, hasTouchScreen: false, javascriptEnabled: true, locationContextEnabled: true, mobileEmulationEnabled: false, nativeEvents: true, networkConnectionEnabled: false, pageLoadStrategy: normal, platform: XP, platformName: XP, rotatable: false, setWindowRect: true, takesHeapSnapshot: true, takesScreenshot: true, unexpectedAlertBehaviour: , unhandledPromptBehavior: , version: 77.0.3865.90, webStorageEnabled: true}
Session ID: 741a0ba6e00b8f66d926bdf75ef39dfa
*** Element info: {Using=css selector, value=[id='busineesInArea']}
at sun.reflect.NativeConstructorAccessorImpl.newInstance0(Native Method)
at sun.reflect.NativeConstructorAccessorImpl.newInstance(Unknown Source)
at sun.reflect.DelegatingConstructorAccessorImpl.newInstance(Unknown Source)
at java.lang.reflect.Constructor.newInstance(Unknown Source)
at org.openqa.selenium.remote.ErrorHandler.createThrowable(ErrorHandler.java:214)
at org.openqa.selenium.remote.ErrorHandler.throwIfResponseFailed(ErrorHandler.java:166)
at org.openqa.selenium.remote.http.JsonHttpResponseCodec.reconstructValue(JsonHttpResponseCodec.java:40)
at org.openqa.selenium.remote.http.AbstractHttpResponseCodec.decode(AbstractHttpResponseCodec.java:80)
at org.openqa.selenium.remote.http.AbstractHttpResponseCodec.decode(AbstractHttpResponseCodec.java:44)
at org.openqa.selenium.remote.HttpCommandExecutor.execute(HttpCommandExecutor.java:158)
at org.openqa.selenium.remote.service.DriverCommandExecutor.execute(DriverCommandExecutor.java:83)
at org.openqa.selenium.remote.RemoteWebDriver.execute(RemoteWebDriver.java:552)
at org.openqa.selenium.remote.RemoteWebDriver.findElement(RemoteWebDriver.java:323)
at org.openqa.selenium.remote.RemoteWebDriver.findElementByCssSelector(RemoteWebDriver.java:420)
at org.openqa.selenium.By$ByCssSelector.findElement(By.java:431)
at org.openqa.selenium.remote.RemoteWebDriver.findElement(RemoteWebDriver.java:315)
at pages.MainMapsPage.<init>(MainMapsPage.java:24)
at tests.BaseTest.setup(BaseTest.java:25)
at sun.reflect.NativeMethodAccessorImpl.invoke0(Native Method)
at sun.reflect.NativeMethodAccessorImpl.invoke(Unknown Source)
at sun.reflect.DelegatingMethodAccessorImpl.invoke(Unknown Source)
at java.lang.reflect.Method.invoke(Unknown Source)
at org.testng.internal.MethodInvocationHelper.invokeMethod(MethodInvocationHelper.java:133)
at org.testng.internal.MethodInvocationHelper.invokeMethodConsideringTimeout(MethodInvocationHelper.java:62)
at org.testng.internal.ConfigInvoker.invokeConfigurationMethod(ConfigInvoker.java:340)
at org.testng.internal.ConfigInvoker.invokeConfigurations(ConfigInvoker.java:294)
at org.testng.TestRunner.invokeTestConfigurations(TestRunner.java:623)
at org.testng.TestRunner.beforeRun(TestRunner.java:613)
at org.testng.TestRunner.run(TestRunner.java:584)
at org.testng.SuiteRunner.runTest(SuiteRunner.java:402)
at org.testng.SuiteRunner.runSequentially(SuiteRunner.java:396)
at org.testng.SuiteRunner.privateRun(SuiteRunner.java:355)
at org.testng.SuiteRunner.run(SuiteRunner.java:304)
at org.testng.SuiteRunnerWorker.runSuite(SuiteRunnerWorker.java:53)
at org.testng.SuiteRunnerWorker.run(SuiteRunnerWorker.java:96)
at org.testng.TestNG.runSuitesSequentially(TestNG.java:1180)
at org.testng.TestNG.runSuitesLocally(TestNG.java:1102)
at org.testng.TestNG.runSuites(TestNG.java:1032)
at org.testng.TestNG.run(TestNG.java:1000)
at org.testng.remote.AbstractRemoteTestNG.run(AbstractRemoteTestNG.java:115)
at org.testng.remote.RemoteTestNG.initAndRun(RemoteTestNG.java:251)
at org.testng.remote.RemoteTestNG.main(RemoteTestNG.java:77)
]]>
    </failure>
  </testcase> <!-- @BeforeTest setup -->
  <testcase name="upFooteropenWebSite" time="0.0" classname="tests.MainRunner">
    <skipped/>
  </testcase> <!-- upFooteropenWebSite -->
  <testcase name="upFooterXButton" time="0.0" classname="tests.MainRunner">
    <skipped/>
  </testcase> <!-- upFooterXButton -->
  <testcase name="upFooterHamburgerButton" time="0.0" classname="tests.MainRunner">
    <skipped/>
  </testcase> <!-- upFooterHamburgerButton -->
  <testcase name="upFooterClickOnB144Link" time="0.0" classname="tests.MainRunner">
    <skipped/>
  </testcase> <!-- upFooterClickOnB144Link -->
  <testcase name="compareTextAtDropDownMenu" time="0.0" classname="tests.MainRunner">
    <skipped/>
  </testcase> <!-- compareTextAtDropDownMenu -->
  <testcase name="compareTextColorAtDropDownMenu" time="0.0" classname="tests.MainRunner">
    <skipped/>
  </testcase> <!-- compareTextColorAtDropDownMenu -->
  <testcase name="testLoginPagesforPrivateAndBusiness" time="0.0" classname="tests.MainRunner">
    <skipped/>
  </testcase> <!-- testLoginPagesforPrivateAndBusiness -->
  <testcase name="testAccessabilityMenu" time="0.0" classname="tests.MainRunner">
    <skipped/>
  </testcase> <!-- testAccessabilityMenu -->
  <testcase name="testBusinssTabIsDefaultSelected" time="0.0" classname="tests.MainRunner">
    <skipped/>
  </testcase> <!-- testBusinssTabIsDefaultSelected -->
  <testcase name="testBusinssTabIcon" time="0.0" classname="tests.MainRunner">
    <skipped/>
  </testcase> <!-- testBusinssTabIcon -->
  <testcase name="testBusinssTabTextColor" time="0.0" classname="tests.MainRunner">
    <skipped/>
  </testcase> <!-- testBusinssTabTextColor -->
  <testcase name="@AfterTest close" time="0.0" classname="tests.BaseTest">
    <ignored/>
  </testcase> <!-- @AfterTest close -->
  <testcase name="@BeforeTest setup" time="0.0" classname="tests.BaseTest">
    <ignored/>
  </testcase> <!-- @BeforeTest setup -->
</testsuite> <!-- Default test -->
