<?xml version="1.0" encoding="UTF-8"?>
<!-- Generated by org.testng.reporters.JUnitXMLReporter -->
<testsuite hostname="Shlomi-Desktop" ignored="7" name="Business at the area" tests="13" failures="0" timestamp="2019-12-09T18:58:21 IST" time="20.986" errors="0">
  <testcase name="upFooterOpenWebSite" time="0.389" classname="tests.MainRunner"/>
  <testcase name="testBusinssTabIsDefaultSelected" time="4.706" classname="tests.MainRunner"/>
  <testcase name="testBusinssTabIcon" time="0.035" classname="tests.MainRunner"/>
  <testcase name="testBusinssTabTextColor" time="0.019" classname="tests.MainRunner"/>
  <testcase name="testBusinssTabColorWhenUnselected" time="0.093" classname="tests.MainRunner"/>
  <testcase name="testMapsHeaderTextTopRight" time="0.058" classname="tests.MainRunner"/>
  <testcase name="countCardsAtMapPage" time="0.116" classname="tests.MainRunner"/>
  <testcase name="testThatCardsHaveNumbers" time="0.282" classname="tests.MainRunner"/>
  <testcase name="testColorOfTicketNumber" time="0.022" classname="tests.MainRunner"/>
  <testcase name="testColorOfNumberAtTicketThatNotTheSameAsBackground" time="0.021" classname="tests.MainRunner"/>
  <testcase name="testClickOnNumberLeadToBusinessPage" time="3.926" classname="tests.MainRunner"/>
  <testcase name="testThatEachCardHasTitle" time="1.345" classname="tests.MainRunner"/>
  <testcase name="testThatEachCardTitleIsWhite" time="0.146" classname="tests.MainRunner"/>
  <testcase name="upFooterClickOnB144Link" time="0.0" classname="tests.MainRunner">
    <ignored/>
  </testcase> <!-- upFooterClickOnB144Link -->
  <testcase name="upFooterXButton" time="0.0" classname="tests.MainRunner">
    <ignored/>
  </testcase> <!-- upFooterXButton -->
  <testcase name="testLoginPagesforPrivateAndBusiness" time="0.0" classname="tests.MainRunner">
    <ignored/>
  </testcase> <!-- testLoginPagesforPrivateAndBusiness -->
  <testcase name="compareTextColorAtDropDownMenu" time="0.0" classname="tests.MainRunner">
    <ignored/>
  </testcase> <!-- compareTextColorAtDropDownMenu -->
  <testcase name="compareTextAtDropDownMenu" time="0.0" classname="tests.MainRunner">
    <ignored/>
  </testcase> <!-- compareTextAtDropDownMenu -->
  <testcase name="testAccessabilityMenu" time="0.0" classname="tests.MainRunner">
    <ignored/>
  </testcase> <!-- testAccessabilityMenu -->
  <testcase name="upFooterHamburgerButton" time="0.0" classname="tests.MainRunner">
    <ignored/>
  </testcase> <!-- upFooterHamburgerButton -->
</testsuite> <!-- Business at the area -->
