<?xml version="1.0" encoding="UTF-8"?>
<!-- Generated by org.testng.reporters.JUnitXMLReporter -->
<testsuite hostname="Shlomi-Desktop" ignored="12" name="Up Footer" tests="8" failures="1" timestamp="2019-12-09T18:58:00 IST" time="27.853" errors="0">
  <testcase name="upFooterOpenWebSite" time="0.543" classname="tests.MainRunner"/>
  <testcase name="upFooterXButton" time="5.761" classname="tests.MainRunner"/>
  <testcase name="upFooterHamburgerButton" time="0.116" classname="tests.MainRunner"/>
  <testcase name="upFooterClickOnB144Link" time="0.452" classname="tests.MainRunner"/>
  <testcase name="compareTextAtDropDownMenu" time="3.397" classname="tests.MainRunner"/>
  <testcase name="compareTextColorAtDropDownMenu" time="0.335" classname="tests.MainRunner">
    <failure type="java.lang.AssertionError" message="The second line at the DropDown menu is not Blue expected [#0279cd] but found [#333333]">
      <![CDATA[java.lang.AssertionError: The second line at the DropDown menu is not Blue expected [#0279cd] but found [#333333]
at pages.B144MainPage.testColorOfButtons(B144MainPage.java:69)
at tests.MainRunner.compareTextColorAtDropDownMenu(MainRunner.java:36)
at java.util.ArrayList.forEach(ArrayList.java:1257)
... Removed 31 stack frames]]>
    </failure>
  </testcase> <!-- compareTextColorAtDropDownMenu -->
  <testcase name="testLoginPagesforPrivateAndBusiness" time="2.614" classname="tests.MainRunner"/>
  <testcase name="testAccessabilityMenu" time="2.328" classname="tests.MainRunner"/>
  <testcase name="testThatEachCardHasTitle" time="0.0" classname="tests.MainRunner">
    <ignored/>
  </testcase> <!-- testThatEachCardHasTitle -->
  <testcase name="testColorOfNumberAtTicketThatNotTheSameAsBackground" time="0.0" classname="tests.MainRunner">
    <ignored/>
  </testcase> <!-- testColorOfNumberAtTicketThatNotTheSameAsBackground -->
  <testcase name="countCardsAtMapPage" time="0.0" classname="tests.MainRunner">
    <ignored/>
  </testcase> <!-- countCardsAtMapPage -->
  <testcase name="testClickOnNumberLeadToBusinessPage" time="0.0" classname="tests.MainRunner">
    <ignored/>
  </testcase> <!-- testClickOnNumberLeadToBusinessPage -->
  <testcase name="testColorOfTicketNumber" time="0.0" classname="tests.MainRunner">
    <ignored/>
  </testcase> <!-- testColorOfTicketNumber -->
  <testcase name="testBusinssTabIcon" time="0.0" classname="tests.MainRunner">
    <ignored/>
  </testcase> <!-- testBusinssTabIcon -->
  <testcase name="testBusinssTabTextColor" time="0.0" classname="tests.MainRunner">
    <ignored/>
  </testcase> <!-- testBusinssTabTextColor -->
  <testcase name="testMapsHeaderTextTopRight" time="0.0" classname="tests.MainRunner">
    <ignored/>
  </testcase> <!-- testMapsHeaderTextTopRight -->
  <testcase name="testThatCardsHaveNumbers" time="0.0" classname="tests.MainRunner">
    <ignored/>
  </testcase> <!-- testThatCardsHaveNumbers -->
  <testcase name="testThatEachCardTitleIsWhite" time="0.0" classname="tests.MainRunner">
    <ignored/>
  </testcase> <!-- testThatEachCardTitleIsWhite -->
  <testcase name="testBusinssTabColorWhenUnselected" time="0.0" classname="tests.MainRunner">
    <ignored/>
  </testcase> <!-- testBusinssTabColorWhenUnselected -->
  <testcase name="testBusinssTabIsDefaultSelected" time="0.0" classname="tests.MainRunner">
    <ignored/>
  </testcase> <!-- testBusinssTabIsDefaultSelected -->
</testsuite> <!-- Up Footer -->
