<?xml version="1.0" encoding="UTF-8"?>
<testng-results ignored="19" total="23" passed="3" failed="1" skipped="0">
  <reporter-output>
  </reporter-output>
  <suite started-at="2020-08-19T16:46:43 IDT" name="Suite" finished-at="2020-08-19T16:47:06 IDT" duration-ms="23145">
    <groups>
      <group name="zip">
        <method signature="MainRunner.testHamburgerMenuAtZipPage()[pri:22, instance:tests.MainRunner@163e4e87]" name="testHamburgerMenuAtZipPage" class="tests.MainRunner"/>
        <method signature="MainRunner.testSearchAtZipPage()[pri:23, instance:tests.MainRunner@163e4e87]" name="testSearchAtZipPage" class="tests.MainRunner"/>
        <method signature="MainRunner.testSearchOfBusiness()[pri:24, instance:tests.MainRunner@163e4e87]" name="testSearchOfBusiness" class="tests.MainRunner"/>
      </group> <!-- zip -->
      <group name="search for a business">
        <method signature="MainRunner.testSearchOfBusiness()[pri:24, instance:tests.MainRunner@163e4e87]" name="testSearchOfBusiness" class="tests.MainRunner"/>
      </group> <!-- search for a business -->
      <group name="Open Web Site test">
        <method signature="MainRunner.upFooterOpenWebSite()[pri:1, instance:tests.MainRunner@163e4e87]" name="upFooterOpenWebSite" class="tests.MainRunner"/>
      </group> <!-- Open Web Site test -->
      <group name="zip page up footer and registration">
        <method signature="MainRunner.testHamburgerMenuAtZipPage()[pri:22, instance:tests.MainRunner@163e4e87]" name="testHamburgerMenuAtZipPage" class="tests.MainRunner"/>
      </group> <!-- zip page up footer and registration -->
      <group name="zip page search">
        <method signature="MainRunner.testSearchAtZipPage()[pri:23, instance:tests.MainRunner@163e4e87]" name="testSearchAtZipPage" class="tests.MainRunner"/>
      </group> <!-- zip page search -->
    </groups>
    <test started-at="2020-08-19T16:46:43 IDT" name="Zip up footer" finished-at="2020-08-19T16:47:06 IDT" duration-ms="23145">
      <class name="tests.MainRunner">
        <test-method is-config="true" signature="setup()[pri:0, instance:tests.MainRunner@163e4e87]" started-at="2020-08-19T16:46:43 IDT" name="setup" finished-at="2020-08-19T16:46:48 IDT" duration-ms="5723" status="PASS">
          <reporter-output>
          </reporter-output>
        </test-method> <!-- setup -->
        <test-method signature="upFooterOpenWebSite()[pri:1, instance:tests.MainRunner@163e4e87]" started-at="2020-08-19T16:46:48 IDT" name="upFooterOpenWebSite" description="Open the web site test" finished-at="2020-08-19T16:46:50 IDT" duration-ms="1878" status="PASS">
          <reporter-output>
          </reporter-output>
        </test-method> <!-- upFooterOpenWebSite -->
        <test-method signature="testHamburgerMenuAtZipPage()[pri:22, instance:tests.MainRunner@163e4e87]" started-at="2020-08-19T16:46:50 IDT" name="testHamburgerMenuAtZipPage" description="test the hamburger menu and the registration proccess" finished-at="2020-08-19T16:47:01 IDT" duration-ms="10957" status="PASS">
          <reporter-output>
          </reporter-output>
        </test-method> <!-- testHamburgerMenuAtZipPage -->
        <test-method signature="testSearchAtZipPage()[pri:23, instance:tests.MainRunner@163e4e87]" started-at="2020-08-19T16:47:01 IDT" name="testSearchAtZipPage" description="test the search proccess" finished-at="2020-08-19T16:47:02 IDT" duration-ms="338" status="PASS">
          <reporter-output>
          </reporter-output>
        </test-method> <!-- testSearchAtZipPage -->
        <test-method signature="testSearchOfBusiness()[pri:24, instance:tests.MainRunner@163e4e87]" started-at="2020-08-19T16:47:02 IDT" name="testSearchOfBusiness" description="test the search of business" finished-at="2020-08-19T16:47:04 IDT" duration-ms="2725" status="FAIL">
          <exception class="java.lang.AssertionError">
            <message>
              <![CDATA[you didn't landed at the results page expected [true] but found [false]]]>
            </message>
            <full-stacktrace>
              <![CDATA[java.lang.AssertionError: you didn't landed at the results page expected [true] but found [false]
at org.testng.Assert.fail(Assert.java:97)
at org.testng.Assert.failNotEquals(Assert.java:969)
at org.testng.Assert.assertTrue(Assert.java:43)
at pages.ZipMainPage.selectCityToSearchFor(ZipMainPage.java:173)
at tests.MainRunner.testSearchOfBusiness(MainRunner.java:150)
at java.base/jdk.internal.reflect.NativeMethodAccessorImpl.invoke0(Native Method)
at java.base/jdk.internal.reflect.NativeMethodAccessorImpl.invoke(NativeMethodAccessorImpl.java:62)
at java.base/jdk.internal.reflect.DelegatingMethodAccessorImpl.invoke(DelegatingMethodAccessorImpl.java:43)
at java.base/java.lang.reflect.Method.invoke(Method.java:567)
at org.testng.internal.MethodInvocationHelper.invokeMethod(MethodInvocationHelper.java:134)
at org.testng.internal.TestInvoker.invokeMethod(TestInvoker.java:597)
at org.testng.internal.TestInvoker.invokeTestMethod(TestInvoker.java:173)
at org.testng.internal.MethodRunner.runInSequence(MethodRunner.java:46)
at org.testng.internal.TestInvoker$MethodInvocationAgent.invoke(TestInvoker.java:816)
at org.testng.internal.TestInvoker.invokeTestMethods(TestInvoker.java:146)
at org.testng.internal.TestMethodWorker.invokeTestMethods(TestMethodWorker.java:146)
at org.testng.internal.TestMethodWorker.run(TestMethodWorker.java:128)
at java.base/java.util.ArrayList.forEach(ArrayList.java:1540)
at org.testng.TestRunner.privateRun(TestRunner.java:766)
at org.testng.TestRunner.run(TestRunner.java:587)
at org.testng.SuiteRunner.runTest(SuiteRunner.java:384)
at org.testng.SuiteRunner.runSequentially(SuiteRunner.java:378)
at org.testng.SuiteRunner.privateRun(SuiteRunner.java:337)
at org.testng.SuiteRunner.run(SuiteRunner.java:286)
at org.testng.SuiteRunnerWorker.runSuite(SuiteRunnerWorker.java:53)
at org.testng.SuiteRunnerWorker.run(SuiteRunnerWorker.java:96)
at org.testng.TestNG.runSuitesSequentially(TestNG.java:1187)
at org.testng.TestNG.runSuitesLocally(TestNG.java:1109)
at org.testng.TestNG.runSuites(TestNG.java:1039)
at org.testng.TestNG.run(TestNG.java:1007)
at org.testng.remote.AbstractRemoteTestNG.run(AbstractRemoteTestNG.java:115)
at org.testng.remote.RemoteTestNG.initAndRun(RemoteTestNG.java:251)
at org.testng.remote.RemoteTestNG.main(RemoteTestNG.java:77)
]]>
            </full-stacktrace>
          </exception> <!-- java.lang.AssertionError -->
          <reporter-output>
          </reporter-output>
        </test-method> <!-- testSearchOfBusiness -->
        <test-method is-config="true" signature="close()[pri:0, instance:tests.MainRunner@163e4e87]" started-at="2020-08-19T16:47:05 IDT" name="close" finished-at="2020-08-19T16:47:06 IDT" duration-ms="632" status="PASS">
          <reporter-output>
          </reporter-output>
        </test-method> <!-- close -->
      </class> <!-- tests.MainRunner -->
    </test> <!-- Zip up footer -->
  </suite> <!-- Suite -->
</testng-results>
