<?xml version="1.0" encoding="UTF-8"?>
<testng-results ignored="19" total="22" passed="3" failed="0" skipped="0">
  <reporter-output>
  </reporter-output>
  <suite started-at="2020-07-23T00:36:20 IDT" name="Suite" finished-at="2020-07-23T00:36:46 IDT" duration-ms="25848">
    <groups>
      <group name="zip">
        <method signature="MainRunner.testHamburgerMenuAtZipPage()[pri:22, instance:tests.MainRunner@2bbf180e]" name="testHamburgerMenuAtZipPage" class="tests.MainRunner"/>
        <method signature="MainRunner.testSearchAtZipPage()[pri:23, instance:tests.MainRunner@2bbf180e]" name="testSearchAtZipPage" class="tests.MainRunner"/>
      </group> <!-- zip -->
      <group name="Open Web Site test">
        <method signature="MainRunner.upFooterOpenWebSite()[pri:1, instance:tests.MainRunner@2bbf180e]" name="upFooterOpenWebSite" class="tests.MainRunner"/>
      </group> <!-- Open Web Site test -->
      <group name="zip page up footer and registration">
        <method signature="MainRunner.testHamburgerMenuAtZipPage()[pri:22, instance:tests.MainRunner@2bbf180e]" name="testHamburgerMenuAtZipPage" class="tests.MainRunner"/>
      </group> <!-- zip page up footer and registration -->
      <group name="zip page search">
        <method signature="MainRunner.testSearchAtZipPage()[pri:23, instance:tests.MainRunner@2bbf180e]" name="testSearchAtZipPage" class="tests.MainRunner"/>
      </group> <!-- zip page search -->
    </groups>
    <test started-at="2020-07-23T00:36:20 IDT" name="Zip up footer" finished-at="2020-07-23T00:36:46 IDT" duration-ms="25848">
      <class name="tests.MainRunner">
        <test-method is-config="true" signature="setup()[pri:0, instance:tests.MainRunner@2bbf180e]" started-at="2020-07-23T00:36:20 IDT" name="setup" finished-at="2020-07-23T00:36:26 IDT" duration-ms="6026" status="PASS">
          <reporter-output>
          </reporter-output>
        </test-method> <!-- setup -->
        <test-method signature="upFooterOpenWebSite()[pri:1, instance:tests.MainRunner@2bbf180e]" started-at="2020-07-23T00:36:26 IDT" name="upFooterOpenWebSite" description="Open the web site test" finished-at="2020-07-23T00:36:30 IDT" duration-ms="3923" status="PASS">
          <reporter-output>
          </reporter-output>
        </test-method> <!-- upFooterOpenWebSite -->
        <test-method signature="testHamburgerMenuAtZipPage()[pri:22, instance:tests.MainRunner@2bbf180e]" started-at="2020-07-23T00:36:30 IDT" name="testHamburgerMenuAtZipPage" description="test the hamburger menu and the registration proccess" finished-at="2020-07-23T00:36:45 IDT" duration-ms="14764" status="PASS">
          <reporter-output>
          </reporter-output>
        </test-method> <!-- testHamburgerMenuAtZipPage -->
        <test-method signature="testSearchAtZipPage()[pri:23, instance:tests.MainRunner@2bbf180e]" started-at="2020-07-23T00:36:45 IDT" name="testSearchAtZipPage" description="test the search proccess" finished-at="2020-07-23T00:36:45 IDT" duration-ms="375" status="PASS">
          <reporter-output>
          </reporter-output>
        </test-method> <!-- testSearchAtZipPage -->
        <test-method is-config="true" signature="close()[pri:0, instance:tests.MainRunner@2bbf180e]" started-at="2020-07-23T00:36:45 IDT" name="close" finished-at="2020-07-23T00:36:46 IDT" duration-ms="620" status="PASS">
          <reporter-output>
          </reporter-output>
        </test-method> <!-- close -->
      </class> <!-- tests.MainRunner -->
    </test> <!-- Zip up footer -->
  </suite> <!-- Suite -->
</testng-results>
