<?xml version="1.0" encoding="UTF-8"?>
<testng-results ignored="19" total="23" passed="4" failed="0" skipped="0">
  <reporter-output>
  </reporter-output>
  <suite started-at="2021-03-09T18:42:56 IST" name="Suite" finished-at="2021-03-09T18:43:18 IST" duration-ms="21999">
    <groups>
      <group name="zip">
        <method signature="MainRunner.testHamburgerMenuAtZipPage()[pri:22, instance:tests.MainRunner@2bbf180e]" name="testHamburgerMenuAtZipPage" class="tests.MainRunner"/>
        <method signature="MainRunner.testSearchAtZipPage()[pri:23, instance:tests.MainRunner@2bbf180e]" name="testSearchAtZipPage" class="tests.MainRunner"/>
        <method signature="MainRunner.testSearchOfBusiness()[pri:24, instance:tests.MainRunner@2bbf180e]" name="testSearchOfBusiness" class="tests.MainRunner"/>
      </group> <!-- zip -->
      <group name="search for a business">
        <method signature="MainRunner.testSearchOfBusiness()[pri:24, instance:tests.MainRunner@2bbf180e]" name="testSearchOfBusiness" class="tests.MainRunner"/>
      </group> <!-- search for a business -->
      <group name="Open Web Site test">
        <method signature="MainRunner.upFooterOpenWebSite()[pri:1, instance:tests.MainRunner@2bbf180e]" name="upFooterOpenWebSite" class="tests.MainRunner"/>
      </group> <!-- Open Web Site test -->
      <group name="zip page up footer and registration">
        <method signature="MainRunner.testHamburgerMenuAtZipPage()[pri:22, instance:tests.MainRunner@2bbf180e]" name="testHamburgerMenuAtZipPage" class="tests.MainRunner"/>
      </group> <!-- zip page up footer and registration -->
      <group name="zip page search">
        <method signature="MainRunner.testSearchAtZipPage()[pri:23, instance:tests.MainRunner@2bbf180e]" name="testSearchAtZipPage" class="tests.MainRunner"/>
      </group> <!-- zip page search -->
    </groups>
    <test started-at="2021-03-09T18:42:56 IST" name="Zip up footer" finished-at="2021-03-09T18:43:18 IST" duration-ms="21999">
      <class name="tests.MainRunner">
        <test-method is-config="true" signature="setup(java.lang.String)[pri:0, instance:tests.MainRunner@2bbf180e]" started-at="2021-03-09T18:42:56 IST" name="setup" finished-at="2021-03-09T18:42:58 IST" duration-ms="2063" status="PASS">
          <params>
            <param index="0">
              <value>
                <![CDATA[chrome]]>
              </value>
            </param>
          </params>
          <reporter-output>
          </reporter-output>
        </test-method> <!-- setup -->
        <test-method signature="upFooterOpenWebSite()[pri:1, instance:tests.MainRunner@2bbf180e]" started-at="2021-03-09T18:42:58 IST" name="upFooterOpenWebSite" description="Open the web site test" finished-at="2021-03-09T18:43:01 IST" duration-ms="2868" status="PASS">
          <reporter-output>
          </reporter-output>
        </test-method> <!-- upFooterOpenWebSite -->
        <test-method signature="testHamburgerMenuAtZipPage()[pri:22, instance:tests.MainRunner@2bbf180e]" started-at="2021-03-09T18:43:01 IST" name="testHamburgerMenuAtZipPage" description="test the hamburger menu and the registration proccess" finished-at="2021-03-09T18:43:14 IST" duration-ms="12891" status="PASS">
          <reporter-output>
          </reporter-output>
        </test-method> <!-- testHamburgerMenuAtZipPage -->
        <test-method signature="testSearchAtZipPage()[pri:23, instance:tests.MainRunner@2bbf180e]" started-at="2021-03-09T18:43:14 IST" name="testSearchAtZipPage" description="test the search proccess" finished-at="2021-03-09T18:43:14 IST" duration-ms="336" status="PASS">
          <reporter-output>
          </reporter-output>
        </test-method> <!-- testSearchAtZipPage -->
        <test-method signature="testSearchOfBusiness()[pri:24, instance:tests.MainRunner@2bbf180e]" started-at="2021-03-09T18:43:14 IST" name="testSearchOfBusiness" description="test the search of business" finished-at="2021-03-09T18:43:17 IST" duration-ms="3044" status="PASS">
          <reporter-output>
          </reporter-output>
        </test-method> <!-- testSearchOfBusiness -->
        <test-method is-config="true" signature="close()[pri:0, instance:tests.MainRunner@2bbf180e]" started-at="2021-03-09T18:43:17 IST" name="close" finished-at="2021-03-09T18:43:18 IST" duration-ms="624" status="PASS">
          <reporter-output>
          </reporter-output>
        </test-method> <!-- close -->
      </class> <!-- tests.MainRunner -->
    </test> <!-- Zip up footer -->
  </suite> <!-- Suite -->
</testng-results>
